C51 COMPILER V9.52.0.0   SMG2BIT4S                                                         03/27/2019 17:11:44 PAGE 1   


C51 COMPILER V9.52.0.0, COMPILATION OF MODULE SMG2BIT4S
OBJECT MODULE PLACED IN SMG2Bit4S.OBJ
COMPILER INVOKED BY: D:\keil4\C51\BIN\C51.EXE SMG2Bit4S.c TABS(2)

line level    source

   1          #include "SMG2Bit4S.h"
   2          
   3          //定义数码管显示编码
   4          unsigned char code SMG_CODE[] = 
   5          {// 0  1    2    3  4  5    6    7  8  9    A    b  C    d    E    F    -              .
   6            0xC0,0xF9,0xA4,0xB0,0x99,0x92,0x82,0xF8,0x80,0x90,0x8C,0xBF,0xC6,0xA1,0x86,0xFF,0xbf,0x7f
   7          };
   8          
   9          //数码管显示四位数据
  10          void SMG_Display2Bit4SMG (int smg11, int smg12, int smg13, int smg14, int smg21, int smg22, int smg23, int
             - smg24)
  11          {
  12   1        int num = 0;
  13   1        
  14   1        uchar SMG[2][4];    //存储四位数码管要显示的数据
  15   1        SMG[0][0]=smg14;
  16   1        SMG[0][1]=smg13;
  17   1        SMG[0][2]=smg12;
  18   1        SMG[0][3]=smg11;
  19   1        SMG[1][0]=smg24;
  20   1        SMG[1][1]=smg23;
  21   1        SMG[1][2]=smg22;
  22   1        SMG[1][3]=smg21;
  23   1      
  24   1        for(num = 0; num < 4; num++)
  25   1        {
  26   2          SMG_OUTI( ~SMG_CODE[ SMG[0][num] ] );     
  27   2          SMG_OUTI( 0xF7 >> num );
  28   2          RCLKI = 0;
  29   2          RCLKI = 1;
  30   2          
  31   2          SMG_OUTV( ~SMG_CODE[ SMG[1][num] ] );     
  32   2          SMG_OUTV( 0xF7 >> num );
  33   2          RCLKV = 0;
  34   2          RCLKV = 1;
  35   2        }
  36   1        
  37   1      }
  38          
  39          //向74HC595写入一个八位数
  40          void SMG_OUTI(uchar X)
  41          {
  42   1        uchar i;
  43   1        for(i=8;i>=1;i--)
  44   1        {
  45   2          if (X&0x80) DIOI = 1; else DIOI = 0;
  46   2          X <<= 1;
  47   2          SCLKI = 0;
  48   2          SCLKI = 1;
  49   2        }
  50   1      }
  51          
  52          void SMG_OUTV(uchar X)
  53          {
  54   1        uchar i;
C51 COMPILER V9.52.0.0   SMG2BIT4S                                                         03/27/2019 17:11:44 PAGE 2   

  55   1        for(i=8;i>=1;i--)
  56   1        {
  57   2          if (X&0x80) DIOV = 1; else DIOV = 0;
  58   2          X <<= 1;
  59   2          SCLKV = 0;
  60   2          SCLKV = 1;
  61   2        }
  62   1      }


MODULE INFORMATION:   STATIC OVERLAYABLE
   CODE SIZE        =    168    ----
   CONSTANT SIZE    =     18    ----
   XDATA SIZE       =   ----    ----
   PDATA SIZE       =   ----    ----
   DATA SIZE        =   ----      26
   IDATA SIZE       =   ----    ----
   BIT SIZE         =   ----    ----
END OF MODULE INFORMATION.


C51 COMPILATION COMPLETE.  0 WARNING(S),  0 ERROR(S)
