C51 COMPILER V9.52.0.0   ________                                                          03/27/2019 18:33:21 PAGE 1   


C51 COMPILER V9.52.0.0, COMPILATION OF MODULE ________
OBJECT MODULE PLACED IN 独立按键.OBJ
COMPILER INVOKED BY: D:\keil4\C51\BIN\C51.EXE 独立按键.c BROWSE DEBUG OBJECTEXTEND TABS(2)

line level    source

   1          #include<reg51.h>
   2          
   3          sbit k1=P1^0; //位定义
   4          
   5          void main()
   6          {
   7   1        while(1)
   8   1        {
   9   2          k1 = 0;
  10   2          if(k1 == 1){
  11   3            //延时2ms
  12   3            if(k1 == 1){
  13   4              //执行
  14   4              
  15   4            }
  16   3          }
  17   2        } 
  18   1      }
  19           


MODULE INFORMATION:   STATIC OVERLAYABLE
   CODE SIZE        =     10    ----
   CONSTANT SIZE    =   ----    ----
   XDATA SIZE       =   ----    ----
   PDATA SIZE       =   ----    ----
   DATA SIZE        =   ----    ----
   IDATA SIZE       =   ----    ----
   BIT SIZE         =   ----    ----
END OF MODULE INFORMATION.


C51 COMPILATION COMPLETE.  0 WARNING(S),  0 ERROR(S)
